<?xml version="1.0" encoding="UTF-8"?>
<!-- Generated by org.testng.reporters.JUnitReportReporter -->
<testsuite hostname="DEL1-DDL-N04006" failures="0" tests="1" name="DisaModule.initiateDisa" time="12.350" errors="0" timestamp="11 Sep 2018 10:45:28 GMT" skipped="0">
  <testcase classname="DisaModule.initiateDisa" name="startDisa" time="12.350"/>
</testsuite> <!-- DisaModule.initiateDisa -->
