<?xml version="1.0" encoding="UTF-8"?>
<!-- Generated by org.testng.reporters.JUnitReportReporter -->
<testsuite hostname="DEL1-DDL-N04006" failures="0" tests="1" name="DisaModule.disaFunctionality" time="0.001" errors="0" timestamp="11 Sep 2018 09:14:20 GMT" skipped="0">
  <testcase classname="DisaModule.disaFunctionality" name="startDisa" time="0.001"/>
</testsuite> <!-- DisaModule.disaFunctionality -->
